{"C:\\Users\\Domin\\Projects\\Poc\\commit-policies\\src\\index.ts": {"path":"C:\\Users\\Domin\\Projects\\Poc\\commit-policies\\src\\index.ts","statementMap":{"0":{"start":{"line":2,"column":2},"end":{"line":2,"column":16}},"1":{"start":{"line":1,"column":0},"end":{"line":1,"column":16}},"2":{"start":{"line":6,"column":2},"end":{"line":6,"column":23}},"3":{"start":{"line":5,"column":0},"end":{"line":5,"column":16}}},"fnMap":{"0":{"name":"invert","decl":{"start":{"line":1,"column":16},"end":{"line":1,"column":22}},"loc":{"start":{"line":1,"column":37},"end":{"line":3,"column":1}}},"1":{"name":"stringify","decl":{"start":{"line":5,"column":16},"end":{"line":5,"column":25}},"loc":{"start":{"line":5,"column":58},"end":{"line":7,"column":1}}}},"branchMap":{},"s":{"0":1,"1":1,"2":1,"3":1},"f":{"0":1,"1":1},"b":{}}
}
